<?xml version="1.0" encoding="UTF-8"?>
<testsuite xmlns:xsi="http://www.w3.org/2001/XMLSchema-instance" xsi:noNamespaceSchemaLocation="https://maven.apache.org/surefire/maven-surefire-plugin/xsd/surefire-test-report-3.0.xsd" version="3.0" name="validating place API&apos;s" time="28.182" tests="4" errors="0" skipped="0" failures="0">
  <properties>
[...]
</properties>
  <testcase name=": verify if place is being added successfully  using AddPlaceAPI #1" classname="validating place API&apos;s" time="15.977">
    <system-out><![CDATA[/maps/api/place/add/json
/maps/api/place/get/json
/maps/api/place/add/json
/maps/api/place/get/json
]]></system-out>
  </testcase>
  <testcase name=": verify if place is being added successfully  using AddPlaceAPI #2" classname="validating place API&apos;s" time="6.034">
    <system-out><![CDATA[/maps/api/place/add/json
/maps/api/place/get/json
]]></system-out>
  </testcase>
  <testcase name=": verify if place is being added successfully  using AddPlaceAPI #3" classname="validating place API&apos;s" time="4.5">
    <system-out><![CDATA[/maps/api/place/add/json
/maps/api/place/get/json
]]></system-out>
  </testcase>
  <testcase name="verify if delete place functionality is working" classname="validating place API&apos;s" time="1.515">
    <system-out><![CDATA[/maps/api/place/delete/json
]]></system-out>
  </testcase>
</testsuite>